2016-07-03 00:34:45 INFO  ClassPathXmlApplicationContext:578 - Refreshing org.springframework.context.support.ClassPathXmlApplicationContext@7c30a502: startup date [Sun Jul 03 00:34:45 CEST 2016]; root of context hierarchy
2016-07-03 00:34:45 INFO  XmlBeanDefinitionReader:317 - Loading XML bean definitions from class path resource [app.xml]
2016-07-03 00:34:46 INFO  Version:37 - HHH000412: Hibernate Core {5.0.6.Final}
2016-07-03 00:34:46 INFO  Environment:213 - HHH000206: hibernate.properties not found
2016-07-03 00:34:46 INFO  Environment:317 - HHH000021: Bytecode provider name : javassist
2016-07-03 00:34:46 INFO  Version:66 - HCANN000001: Hibernate Commons Annotations {5.0.1.Final}
2016-07-03 00:34:46 WARN  connections:71 - HHH10001002: Using Hibernate built-in connection pool (not for production use!)
2016-07-03 00:34:46 INFO  connections:127 - HHH10001005: using driver [com.mysql.jdbc.Driver] at URL [jdbc:mysql://localhost/gestionCompte]
2016-07-03 00:34:46 INFO  connections:136 - HHH10001001: Connection properties: {user=root, password=****}
2016-07-03 00:34:46 INFO  connections:141 - HHH10001003: Autocommit mode: false
2016-07-03 00:34:46 INFO  DriverManagerConnectionProviderImpl:39 - HHH000115: Hibernate connection pool size: 1 (min=1)
2016-07-03 00:34:46 INFO  Dialect:154 - HHH000400: Using dialect: org.hibernate.dialect.MySQLDialect
2016-07-03 00:34:46 INFO  LobCreatorBuilderImpl:98 - HHH000423: Disabling contextual LOB creation as JDBC driver reported JDBC version [3] less than 4
2016-07-03 00:34:46 INFO  EnversServiceImpl:91 - Envers integration enabled? : true
2016-07-03 00:34:47 INFO  SchemaUpdate:105 - HHH000228: Running hbm2ddl schema update
2016-07-03 00:34:48 INFO  DaoOperationImpl:37 - l'operation 29 a bien été enregistré
2016-07-03 00:34:48 INFO  DaoOperationImpl:37 - l'operation 30 a bien été enregistré
2016-07-03 00:34:48 INFO  DaoOperationImpl:37 - l'operation 31 a bien été enregistré
2016-07-03 00:34:48 INFO  DaoOperationImpl:37 - l'operation 32 a bien été enregistré
2016-07-03 00:34:48 INFO  DaoOperationImpl:37 - l'operation 33 a bien été enregistré
2016-07-03 00:34:48 INFO  DaoOperationImpl:37 - l'operation 34 a bien été enregistré
2016-07-03 00:34:48 INFO  DaoOperationImpl:37 - l'operation 35 a bien été enregistré
2016-07-03 00:34:48 INFO  DaoOperationImpl:37 - l'operation 36 a bien été enregistré
2016-07-03 00:34:48 INFO  ClassPathXmlApplicationContext:960 - Closing org.springframework.context.support.ClassPathXmlApplicationContext@7c30a502: startup date [Sun Jul 03 00:34:45 CEST 2016]; root of context hierarchy
